Log file open, 09/09/18 07:34:08
LogWindows: Failed to load 'aqProf.dll' (GetLastError=126)
LogWindows: File 'aqProf.dll' does not exist
LogWindows: Failed to load 'VSPerf140.dll' (GetLastError=126)
LogWindows: File 'VSPerf140.dll' does not exist
LogWindows: Failed to load 'VtuneApi.dll' (GetLastError=126)
LogWindows: File 'VtuneApi.dll' does not exist
LogWindows: Failed to load 'VtuneApi32e.dll' (GetLastError=126)
LogWindows: File 'VtuneApi32e.dll' does not exist
LogInit: Display: Running engine for game: TetrimusClient
LogInit: Display: Project file not found: ../../../TetrimusClient/TetrimusClient.uproject
LogInit: Display: 	Attempting to find via project info helper.
LogUProjectInfo: Found projects:
LogPakFile: Display: Found Pak file ../../../TetrimusClient/Content/Paks/TetrimusClient-WindowsNoEditor.pak attempting to mount.
LogPakFile: Display: Mounting pak file ../../../TetrimusClient/Content/Paks/TetrimusClient-WindowsNoEditor.pak.
LogPlatformFile: Not using cached read wrapper
LogTaskGraph: Started task graph with 5 named threads and 14 total threads with 3 sets of task threads.
LogStats: Stats thread started at 4.358043
LogD3D11RHI: Loaded GFSDK_Aftermath_Lib.x64.dll
LogICUInternationalization: Display: ICU TimeZone Detection - Raw Offset: -5:00, Platform Override: ''
LogPluginManager: Mounting plugin Paper2D
LogPluginManager: Mounting plugin AISupport
LogPluginManager: Mounting plugin LightPropagationVolume
LogPluginManager: Mounting plugin AssetManagerEditor
LogPluginManager: Mounting plugin CryptoKeys
LogPluginManager: Mounting plugin FacialAnimation
LogPluginManager: Mounting plugin MeshEditor
LogPluginManager: Mounting plugin EditableMesh
LogPluginManager: Mounting plugin DatasmithContent
LogPluginManager: Mounting plugin AlembicImporter
LogPluginManager: Mounting plugin GeometryCache
LogPluginManager: Mounting plugin AppleImageUtils
LogPluginManager: Mounting plugin AppleVision
LogPluginManager: Mounting plugin BackChannel
LogPluginManager: Mounting plugin CharacterAI
LogPluginManager: Mounting plugin HTML5Networking
LogPluginManager: Mounting plugin AvfMedia
LogPluginManager: Mounting plugin ImgMedia
LogPluginManager: Mounting plugin LinearTimecode
LogPluginManager: Mounting plugin MediaCompositing
LogPluginManager: Mounting plugin WmfMedia
LogPluginManager: Mounting plugin TcpMessaging
LogPluginManager: Mounting plugin UdpMessaging
LogPluginManager: Mounting plugin ActorSequence
LogPluginManager: Mounting plugin NetcodeUnitTest
LogPluginManager: Mounting plugin NUTUnrealEngine4
LogPluginManager: Mounting plugin OnlineSubsystem
LogPluginManager: Mounting plugin OnlineSubsystemNull
LogPluginManager: Mounting plugin OnlineSubsystemUtils
LogPluginManager: Mounting plugin LauncherChunkInstaller
LogPluginManager: Mounting plugin AndroidPermission
LogPluginManager: Mounting plugin ArchVisCharacter
LogPluginManager: Mounting plugin AudioCapture
LogPluginManager: Mounting plugin CableComponent
LogPluginManager: Mounting plugin CustomMeshComponent
LogPluginManager: Mounting plugin ExampleDeviceProfileSelector
LogPluginManager: Mounting plugin ImmediatePhysics
LogPluginManager: Mounting plugin LocationServicesBPLibrary
LogPluginManager: Mounting plugin MobilePatchingUtils
LogPluginManager: Mounting plugin OculusVR
LogPluginManager: Mounting plugin ProceduralMeshComponent
LogPluginManager: Mounting plugin PhysXVehicles
LogPluginManager: Mounting plugin RuntimePhysXCooking
LogPluginManager: Mounting plugin SteamVR
LogPluginManager: Mounting plugin WindowsMoviePlayer
LogStreaming: Display: Took  0.288s to configure plugins.
LogInit: Using libcurl 7.55.1-DEV
LogInit:  - built for x86_64-pc-win32
LogInit:  - supports SSL with OpenSSL/1.0.2h
LogInit:  - supports HTTP deflate (compression) using libz 1.2.8
LogInit:  - other features:
LogInit:      CURL_VERSION_SSL
LogInit:      CURL_VERSION_LIBZ
LogInit:      CURL_VERSION_IPV6
LogInit:      CURL_VERSION_ASYNCHDNS
LogInit:      CURL_VERSION_LARGEFILE
LogInit:      CURL_VERSION_IDN
LogInit:  CurlRequestOptions (configurable via config and command line):
LogInit:  - bVerifyPeer = false  - Libcurl will NOT verify peer certificate
LogInit:  - bUseHttpProxy = false  - Libcurl will NOT use HTTP proxy
LogInit:  - bDontReuseConnections = false  - Libcurl will reuse connections
LogInit:  - CertBundlePath = nullptr  - Libcurl will use whatever was configured at build time.
LogInit:  - MaxHostConnections = 16  - Libcurl will limit the number of connections to a host
LogInit:  - LocalHostAddr = Default
LogInit:  - BufferSize = 65536
LogInit: WinSock: version 1.1 (2.2), MaxSocks=32767, MaxUdp=65467
LogInit: Build: ++UE4+Release-4.20-CL-4302132
LogInit: Engine Version: 4.20.2-4302132+++UE4+Release-4.20
LogInit: Compatible Engine Version: 4.20.0-4212847+++UE4+Release-4.20
LogInit: Net CL: 4212847
LogInit: OS: Windows 10 (), CPU: Intel(R) Core(TM) i5-5575R CPU @ 2.80GHz, GPU: Intel(R) Iris(TM) Pro Graphics 6200
LogInit: Compiled (64-bit): Aug 21 2018 05:12:56
LogInit: Compiled with Visual C++: 19.00.24215.01
LogInit: Build Configuration: Development
LogInit: Branch Name: ++UE4+Release-4.20
LogInit: Command Line:  
LogInit: Base Directory: C:/Users/South/Desktop/WindowsNoEditor/Engine/Binaries/Win64/
LogInit: Installed Engine Build: 0
LogDevObjectVersion: Number of dev versions registered: 20
LogDevObjectVersion:   Dev-Blueprints (B0D832E4-1F89-4F0D-ACCF-7EB736FD4AA2): 10
LogDevObjectVersion:   Dev-Build (E1C64328-A22C-4D53-A36C-8E866417BD8C): 0
LogDevObjectVersion:   Dev-Core (375EC13C-06E4-48FB-B500-84F0262A717E): 2
LogDevObjectVersion:   Dev-Editor (E4B068ED-F494-42E9-A231-DA0B2E46BB41): 24
LogDevObjectVersion:   Dev-Framework (CFFC743F-43B0-4480-9391-14DF171D2073): 34
LogDevObjectVersion:   Dev-Mobile (B02B49B5-BB20-44E9-A304-32B752E40360): 2
LogDevObjectVersion:   Dev-Networking (A4E4105C-59A1-49B5-A7C5-40C4547EDFEE): 0
LogDevObjectVersion:   Dev-Online (39C831C9-5AE6-47DC-9A44-9C173E1C8E7C): 0
LogDevObjectVersion:   Dev-Physics (78F01B33-EBEA-4F98-B9B4-84EACCB95AA2): 0
LogDevObjectVersion:   Dev-Platform (6631380F-2D4D-43E0-8009-CF276956A95A): 0
LogDevObjectVersion:   Dev-Rendering (12F88B9F-8875-4AFC-A67C-D90C383ABD29): 26
LogDevObjectVersion:   Dev-Sequencer (7B5AE74C-D270-4C10-A958-57980B212A5A): 9
LogDevObjectVersion:   Dev-VR (D7296918-1DD6-4BDD-9DE2-64A83CC13884): 2
LogDevObjectVersion:   Dev-LoadTimes (C2A15278-BFE7-4AFE-6C17-90FF531DF755): 1
LogDevObjectVersion:   Private-Geometry (6EACA3D4-40EC-4CC1-B786-8BED09428FC5): 3
LogDevObjectVersion:   Dev-AnimPhys (29E575DD-E0A3-4627-9D10-D276232CDCEA): 17
LogDevObjectVersion:   Dev-ReflectionCapture (6B266CEC-1EC7-4B8F-A30B-E4D90942FC07): 1
LogDevObjectVersion:   Dev-Automation (0DF73D61-A23F-47EA-B727-89E90C41499A): 1
LogDevObjectVersion:   FortniteMain (601D1886-AC64-4F84-AA16-D3DE0DEAC7D6): 12
LogDevObjectVersion:   Dev-Enterprise (9DFFBCD6-494F-0158-E221-12823C92A888): 1
LogStreaming: Display: Took  0.008s to delete old logs.
LogInit: Presizing for max 2097152 objects, including 0 objects not considered by GC, pre-allocating 0 bytes for permanent pool.
LogStreaming: Display: Async Loading initialized: Event Driven Loader: true, Async Loading Thread: false, Async Post Load: true
LogInit: Object subsystem initialized
[2018.09.09-11.34.10:284][  0]LogInit: Selected Device Profile: [WindowsNoEditor]
[2018.09.09-11.34.10:285][  0]LogInit: Applying CVar settings loaded from the selected device profile: [WindowsNoEditor]
[2018.09.09-11.34.10:308][  0]LogHAL: Display: Platform has ~ 8 GB [8454066176 / 8589934592 / 8], which maps to Default [LargestMinGB=32, LargerMinGB=12, DefaultMinGB=8, SmallerMinGB=6, SmallestMinGB=0)
[2018.09.09-11.34.10:308][  0]LogInit: Going up to parent DeviceProfile [Windows]
[2018.09.09-11.34.10:308][  0]LogInit: Setting Device Profile CVar: [[r.Vulkan.UseRealUBs:1]]
[2018.09.09-11.34.10:308][  0]LogInit: Going up to parent DeviceProfile []
[2018.09.09-11.34.10:472][  0]LogInit: Computer: DESKTOP-N55S6FK
[2018.09.09-11.34.10:472][  0]LogInit: User: South
[2018.09.09-11.34.10:472][  0]LogInit: CPU Page size=4096, Cores=4
[2018.09.09-11.34.10:472][  0]LogInit: High frequency timer resolution =2.728076 MHz
[2018.09.09-11.34.10:472][  0]LogMemory: Memory total: Physical=7.9GB (8GB approx)
[2018.09.09-11.34.10:472][  0]LogMemory: Platform Memory Stats for WindowsNoEditor
[2018.09.09-11.34.10:472][  0]LogMemory: Process Physical Memory: 53.85 MB used, 53.85 MB peak
[2018.09.09-11.34.10:472][  0]LogMemory: Process Virtual Memory: 63.51 MB used, 63.51 MB peak
[2018.09.09-11.34.10:472][  0]LogMemory: Physical Memory: 7424.85 MB used,  637.57 MB free, 8062.43 MB total
[2018.09.09-11.34.10:472][  0]LogMemory: Virtual Memory: 333.61 MB used,  637.57 MB free, 134217728.00 MB total
[2018.09.09-11.34.12:333][  0]LogInit: Using OS detected language (en-US).
[2018.09.09-11.34.12:333][  0]LogInit: Using OS detected locale (en-US).
[2018.09.09-11.34.12:406][  0]LogTextLocalizationManager: No specific localization for 'en-US' exists, so the 'en' localization will be used.
[2018.09.09-11.34.12:678][  0]LogStreaming: Display: Took  0.345s to InitEngineTextLocalization.
[2018.09.09-11.34.13:338][  0]LogSlate: New Slate User Created.  User Index 0, Is Virtual User: 0
[2018.09.09-11.34.13:339][  0]LogSlate: Slate User Registered.  User Index 0, Is Virtual User: 0
[2018.09.09-11.34.13:428][  0]LogHMD: Failed to initialize OpenVR with code 110
[2018.09.09-11.34.13:429][  0]LogD3D11RHI: D3D11 adapters:
[2018.09.09-11.34.13:474][  0]LogD3D11RHI:    0. 'Intel(R) Iris(TM) Pro Graphics 6200' (Feature Level 11_0)
[2018.09.09-11.34.13:474][  0]LogD3D11RHI:       128/0/4031 MB DedicatedVideo/DedicatedSystem/SharedSystem, Outputs:1, VendorId:0x8086
[2018.09.09-11.34.13:520][  0]LogD3D11RHI:    1. 'Microsoft Basic Render Driver' (Feature Level 11_0)
[2018.09.09-11.34.13:520][  0]LogD3D11RHI:       0/0/4031 MB DedicatedVideo/DedicatedSystem/SharedSystem, Outputs:0, VendorId:0x1414
[2018.09.09-11.34.13:520][  0]LogD3D11RHI: Chosen D3D11 Adapter: 0
[2018.09.09-11.34.13:563][  0]LogD3D11RHI: Creating new Direct3DDevice
[2018.09.09-11.34.13:563][  0]LogD3D11RHI:     GPU DeviceId: 0x1622 (for the marketing name, search the web for "GPU Device Id")
[2018.09.09-11.34.13:574][  0]LogWindows: EnumDisplayDevices:
[2018.09.09-11.34.13:574][  0]LogWindows:    0. 'Intel(R) Iris(TM) Pro Graphics 6200' (P:1 D:1)
[2018.09.09-11.34.13:574][  0]LogWindows:    1. 'Intel(R) Iris(TM) Pro Graphics 6200' (P:0 D:0)
[2018.09.09-11.34.13:574][  0]LogWindows:    2. 'Intel(R) Iris(TM) Pro Graphics 6200' (P:0 D:0)
[2018.09.09-11.34.13:575][  0]LogWindows: DebugString: FoundDriverCount:3 
[2018.09.09-11.34.13:575][  0]LogD3D11RHI:     Adapter Name: Intel(R) Iris(TM) Pro Graphics 6200
[2018.09.09-11.34.13:575][  0]LogD3D11RHI:   Driver Version: 20.19.15.4416 (internal:20.19.15.4416, unified:20.19.15.4416)
[2018.09.09-11.34.13:575][  0]LogD3D11RHI:      Driver Date: 3-23-2016
[2018.09.09-11.34.13:575][  0]LogRHI: Texture pool is 1500 MB (70% of 2143 MB)
[2018.09.09-11.34.13:587][  0]LogD3D11RHI: Async texture creation enabled
[2018.09.09-11.34.13:856][  0]LogD3D11RHI: GPU Timing Frequency: 12.500000 (Debug: 2 0)
[2018.09.09-11.34.13:985][  0]LogShaderLibrary: Display: Failed to load Shared Shader Library: Global and no native library supported.
[2018.09.09-11.34.13:989][  0]LogShaderLibrary: Display: Failed to load Shared Shader Library: Global_SC and no native library supported.
[2018.09.09-11.34.13:989][  0]LogShaderLibrary: Display: Failed to load Shared Shader Library: Paper2D and no native library supported.
[2018.09.09-11.34.13:989][  0]LogShaderLibrary: Display: Failed to load Shared Shader Library: Paper2D_SC and no native library supported.
[2018.09.09-11.34.13:989][  0]LogShaderLibrary: Display: Failed to load Shared Shader Library: Paper2D and no native library supported.
[2018.09.09-11.34.13:989][  0]LogShaderLibrary: Display: Failed to load Shared Shader Library: Paper2D_SC and no native library supported.
[2018.09.09-11.34.13:989][  0]LogShaderLibrary: Display: Failed to load Shared Shader Library: CryptoKeys and no native library supported.
[2018.09.09-11.34.13:989][  0]LogShaderLibrary: Display: Failed to load Shared Shader Library: CryptoKeys_SC and no native library supported.
[2018.09.09-11.34.13:989][  0]LogShaderLibrary: Display: Failed to load Shared Shader Library: CryptoKeys and no native library supported.
[2018.09.09-11.34.13:989][  0]LogShaderLibrary: Display: Failed to load Shared Shader Library: CryptoKeys_SC and no native library supported.
[2018.09.09-11.34.13:989][  0]LogShaderLibrary: Display: Failed to load Shared Shader Library: MeshEditor and no native library supported.
[2018.09.09-11.34.13:989][  0]LogShaderLibrary: Display: Failed to load Shared Shader Library: MeshEditor_SC and no native library supported.
[2018.09.09-11.34.13:989][  0]LogShaderLibrary: Display: Failed to load Shared Shader Library: MeshEditor and no native library supported.
[2018.09.09-11.34.13:990][  0]LogShaderLibrary: Display: Failed to load Shared Shader Library: MeshEditor_SC and no native library supported.
[2018.09.09-11.34.13:990][  0]LogShaderLibrary: Display: Failed to load Shared Shader Library: DatasmithContent and no native library supported.
[2018.09.09-11.34.13:990][  0]LogShaderLibrary: Display: Failed to load Shared Shader Library: DatasmithContent_SC and no native library supported.
[2018.09.09-11.34.13:990][  0]LogShaderLibrary: Display: Failed to load Shared Shader Library: DatasmithContent and no native library supported.
[2018.09.09-11.34.13:990][  0]LogShaderLibrary: Display: Failed to load Shared Shader Library: DatasmithContent_SC and no native library supported.
[2018.09.09-11.34.13:990][  0]LogShaderLibrary: Display: Failed to load Shared Shader Library: MediaCompositing and no native library supported.
[2018.09.09-11.34.13:990][  0]LogShaderLibrary: Display: Failed to load Shared Shader Library: MediaCompositing_SC and no native library supported.
[2018.09.09-11.34.13:990][  0]LogShaderLibrary: Display: Failed to load Shared Shader Library: MediaCompositing and no native library supported.
[2018.09.09-11.34.13:990][  0]LogShaderLibrary: Display: Failed to load Shared Shader Library: MediaCompositing_SC and no native library supported.
[2018.09.09-11.34.13:990][  0]LogShaderLibrary: Display: Failed to load Shared Shader Library: OculusVR and no native library supported.
[2018.09.09-11.34.13:990][  0]LogShaderLibrary: Display: Failed to load Shared Shader Library: OculusVR_SC and no native library supported.
[2018.09.09-11.34.13:990][  0]LogShaderLibrary: Display: Failed to load Shared Shader Library: OculusVR and no native library supported.
[2018.09.09-11.34.13:990][  0]LogShaderLibrary: Display: Failed to load Shared Shader Library: OculusVR_SC and no native library supported.
[2018.09.09-11.34.13:990][  0]LogShaderLibrary: Display: Failed to load Shared Shader Library: SteamVR and no native library supported.
[2018.09.09-11.34.13:990][  0]LogShaderLibrary: Display: Failed to load Shared Shader Library: SteamVR_SC and no native library supported.
[2018.09.09-11.34.13:990][  0]LogShaderLibrary: Display: Failed to load Shared Shader Library: SteamVR and no native library supported.
[2018.09.09-11.34.13:990][  0]LogShaderLibrary: Display: Failed to load Shared Shader Library: SteamVR_SC and no native library supported.
[2018.09.09-11.34.14:002][  0]LogRHI: Display: Failed to open default shader pipeline cache for TetrimusClient using shader platform 0.
[2018.09.09-11.34.14:617][  0]LogMaterial: Verifying Global Shaders for PCD3D_SM5
[2018.09.09-11.34.14:965][  0]LogSlate: Using FreeType 2.6.0
[2018.09.09-11.34.14:996][  0]LogSlate: SlateFontServices - WITH_FREETYPE: 1, WITH_HARFBUZZ: 1
[2018.09.09-11.34.15:324][  0]LogShaderLibrary: Display: Failed to load Shared Shader Library: TetrimusClient and no native library supported.
[2018.09.09-11.34.15:324][  0]LogShaderLibrary: Display: Failed to load Shared Shader Library: TetrimusClient_SC and no native library supported.
[2018.09.09-11.34.15:351][  0]LogRHI: Display: Failed to open default shader pipeline cache for TetrimusClient using shader platform 0.
[2018.09.09-11.34.15:352][  0]LogShaderLibrary: Display: Failed to load Shared Shader Library: TetrimusClient and no native library supported.
[2018.09.09-11.34.15:352][  0]LogShaderLibrary: Display: Failed to load Shared Shader Library: TetrimusClient_SC and no native library supported.
[2018.09.09-11.34.15:352][  0]LogRHI: Display: Failed to open default shader pipeline cache for TetrimusClient using shader platform 0.
[2018.09.09-11.34.15:352][  0]LogInit: Using OS detected language (en-US).
[2018.09.09-11.34.15:352][  0]LogInit: Using OS detected locale (en-US).
[2018.09.09-11.34.15:369][  0]LogTextLocalizationManager: No localization for 'en-US' exists, so 'en' will be used for the language.
[2018.09.09-11.34.15:370][  0]LogTextLocalizationManager: No localization for 'en-US' exists, so 'en' will be used for the locale.
[2018.09.09-11.34.15:406][  0]LogStreaming: Display: Took  0.054s to InitGameTextLocalization.
[2018.09.09-11.34.15:543][  0]LogAssetRegistry: FAssetRegistry took 0.0818 seconds to start up
[2018.09.09-11.34.17:425][  0]LogStreaming: Display: Flushing async loaders.
[2018.09.09-11.34.17:485][  0]LogPackageLocalizationCache: Processed 9 localized package path(s) for 1 prioritized culture(s) in 0.046832 seconds
[2018.09.09-11.34.17:520][  0]LogPakFile: New pak file ../../../TetrimusClient/Content/Paks/TetrimusClient-WindowsNoEditor.pak added to pak precacher.
[2018.09.09-11.34.17:749][  0]LogInit: Selected Device Profile: [WindowsNoEditor]
[2018.09.09-11.34.18:272][  0]LogNetVersion: TetrimusClient 1.0.0, NetCL: 4212847, EngineNetVer: 5, GameNetVer: 0 (Checksum: 4031987454)
[2018.09.09-11.34.21:984][  0]LogMoviePlayer: Initializing movie player
[2018.09.09-11.34.22:583][  0]LogSlate: Slate font cache was flushed
[2018.09.09-11.34.23:128][  0]LogAndroidPermission: UAndroidPermissionCallbackProxy::GetInstance
[2018.09.09-11.34.23:149][  0]LogOcInput: OculusInput pre-init called
[2018.09.09-11.34.23:202][  0]LogUObjectArray: 33875 objects as part of root set at end of initial load.
[2018.09.09-11.34.23:202][  0]LogUObjectAllocator: 5085280 out of 0 bytes used by permanent object pool.
[2018.09.09-11.34.23:242][  0]LogUObjectArray: CloseDisregardForGC: 0/0 objects in disregard for GC pool
[2018.09.09-11.34.23:392][  0]LogEngine: Initializing Engine...
[2018.09.09-11.34.23:427][  0]LogHMD: Failed to initialize OpenVR with code 110
[2018.09.09-11.34.23:511][  0]LogStats: UGameplayTagsManager::ConstructGameplayTagTree: ImportINI prefixes -  0.000 s
[2018.09.09-11.34.23:511][  0]LogStats: UGameplayTagsManager::ConstructGameplayTagTree: Construct from data asset -  0.000 s
[2018.09.09-11.34.23:512][  0]LogStats: UGameplayTagsManager::ConstructGameplayTagTree: ImportINI -  0.001 s
[2018.09.09-11.34.23:512][  0]LogStats: UGameplayTagsManager::ConstructGameplayTagTree: GameplayTagTreeChangedEvent.Broadcast -  0.000 s
[2018.09.09-11.34.25:342][  0]LogInit: Initializing FReadOnlyCVARCache
[2018.09.09-11.34.25:816][  0]LogInit: XAudio2 using 'Speakers (Cirrus Logic CS4208 (AB 129))' : 4 channels at 48 kHz using 32 bits per sample (channel mask 0x33)
[2018.09.09-11.34.26:105][  0]LogInit: FAudioDevice initialized.
[2018.09.09-11.34.26:219][  0]LogNetVersion: Set ProjectVersion to 1.0.0.0. Version Checksum will be recalculated on next use.
[2018.09.09-11.34.26:219][  0]LogInit: Texture streaming: Enabled
[2018.09.09-11.34.26:972][  0]LogSlate: Updating window title bar state: overlay mode, drag disabled, window buttons hidden, title bar hidden
[2018.09.09-11.34.27:005][  0]LogInit: Display: Game Engine Initialized.
[2018.09.09-11.34.27:010][  0]LogGameplayTags: Display: UGameplayTagsManager::DoneAddingNativeTags. DelegateIsBound: 0
[2018.09.09-11.34.27:011][  0]LogStats: UGameplayTagsManager::ConstructGameplayTagTree: ImportINI prefixes -  0.000 s
[2018.09.09-11.34.27:011][  0]LogStats: UGameplayTagsManager::ConstructGameplayTagTree: Construct from data asset -  0.000 s
[2018.09.09-11.34.27:011][  0]LogStats: UGameplayTagsManager::ConstructGameplayTagTree: ImportINI -  0.000 s
[2018.09.09-11.34.27:011][  0]LogStats: UGameplayTagsManager::ConstructGameplayTagTree: GameplayTagTreeChangedEvent.Broadcast -  0.000 s
[2018.09.09-11.34.27:064][  0]LogInit: Display: Starting Game.
[2018.09.09-11.34.27:117][  0]LogNet: Browse: /Game/Games/Happy_City?Name=Player
[2018.09.09-11.34.27:166][  0]LogLoad: LoadMap: /Game/Games/Happy_City?Name=Player
[2018.09.09-11.34.27:457][  0]LogAudio: Warning: Waited 36.502647ms for audio thread.
[2018.09.09-11.34.27:467][  0]LogAudio: Warning: Waited 47.340691ms for audio thread.
[2018.09.09-11.34.28:412][  0]LogAIModule: Creating AISystem for world Happy_City
[2018.09.09-11.34.28:791][  0]LogLoad: Game class is 'ThirdPersonGameMode_C'
[2018.09.09-11.34.29:069][  0]LogWorld: Bringing World /Game/Games/Happy_City.Happy_City up for play (max tick rate 0) at 2018.09.09-07.34.29
[2018.09.09-11.34.29:103][  0]LogWorld: Bringing up level for play took: 0.282183
[2018.09.09-11.34.29:592][  0]LogUMG: Display: Widget Class UI_C - Loaded Fast Template.
[2018.09.09-11.34.29:700][  0]LogLoad: Took 2.534316 seconds to LoadMap(/Game/Games/Happy_City)
[2018.09.09-11.34.29:778][  0]LogSlate: Took 0.017284 seconds to synchronously load lazily loaded font '../../../Engine/Content/EngineFonts/Faces/RobotoBold.ufont' (160K)
[2018.09.09-11.34.30:203][  0]LogRenderer: Reallocating scene render targets to support 1920x1080 Format 10 NumSamples 1 (Frame:1).
[2018.09.09-11.34.30:203][  0]LogSlate: Took 0.037637 seconds to synchronously load lazily loaded font '../../../Engine/Content/EngineFonts/Faces/RobotoRegular.ufont' (155K)
[2018.09.09-11.34.30:561][  0]LogLoad: (Engine Initialization) Total time: 27.75 seconds
[2018.09.09-11.34.33:652][  0]LogContentStreaming: Texture pool size now 1000 MB
